<?xml version="1.0" encoding="UTF-8"?>
<testsuite xmlns:xsi="http://www.w3.org/2001/XMLSchema-instance" xsi:noNamespaceSchemaLocation="https://maven.apache.org/surefire/maven-surefire-plugin/xsd/surefire-test-report.xsd" name="geco.LoginServiceTest" time="0.003" tests="4" errors="0" skipped="0" failures="0">
  <properties>
    <property name="sun.desktop" value="gnome"/>
    <property name="awt.toolkit" value="sun.awt.X11.XToolkit"/>
    <property name="java.specification.version" value="11"/>
    <property name="sun.cpu.isalist" value=""/>
    <property name="sun.jnu.encoding" value="UTF-8"/>
    <property name="java.class.path" value="/media/fata/UBUNTU 18_0/INFO-TP/GECO/LoginGene/target/test-classes:/media/fata/UBUNTU 18_0/INFO-TP/GECO/LoginGene/target/classes:/home/fata/.m2/repository/junit/junit/4.12/junit-4.12.jar:/home/fata/.m2/repository/org/hamcrest/hamcrest-core/1.3/hamcrest-core-1.3.jar:"/>
    <property name="java.vm.vendor" value="JetBrains s.r.o"/>
    <property name="sun.arch.data.model" value="64"/>
    <property name="java.vendor.url" value="https://www.jetbrains.com/"/>
    <property name="user.timezone" value=""/>
    <property name="java.vm.specification.version" value="11"/>
    <property name="os.name" value="Linux"/>
    <property name="sun.java.launcher" value="SUN_STANDARD"/>
    <property name="user.country" value="FR"/>
    <property name="sun.boot.library.path" value="/home/fata/Documents/ideaIC-2019.2.4/idea-IC-192.7142.36/jbr/lib"/>
    <property name="sun.java.command" value="/media/fata/UBUNTU 18_0/INFO-TP/GECO/LoginGene/target/surefire/surefirebooter10745057305645424949.jar /media/fata/UBUNTU 18_0/INFO-TP/GECO/LoginGene/target/surefire 2019-11-26T11-22-32_827-jvmRun1 surefire11199983334613912368tmp surefire_017248601352235103995tmp"/>
    <property name="jdk.debug" value="release"/>
    <property name="surefire.test.class.path" value="/media/fata/UBUNTU 18_0/INFO-TP/GECO/LoginGene/target/test-classes:/media/fata/UBUNTU 18_0/INFO-TP/GECO/LoginGene/target/classes:/home/fata/.m2/repository/junit/junit/4.12/junit-4.12.jar:/home/fata/.m2/repository/org/hamcrest/hamcrest-core/1.3/hamcrest-core-1.3.jar:"/>
    <property name="sun.cpu.endian" value="little"/>
    <property name="user.home" value="/home/fata"/>
    <property name="user.language" value="fr"/>
    <property name="java.specification.vendor" value="Oracle Corporation"/>
    <property name="java.version.date" value="2019-07-16"/>
    <property name="java.home" value="/home/fata/Documents/ideaIC-2019.2.4/idea-IC-192.7142.36/jbr"/>
    <property name="file.separator" value="/"/>
    <property name="basedir" value="/media/fata/UBUNTU 18_0/INFO-TP/GECO/LoginGene"/>
    <property name="java.vm.compressedOopsMode" value="Zero based"/>
    <property name="line.separator" value="&#10;"/>
    <property name="idea.version2019.2.4" value="true"/>
    <property name="java.specification.name" value="Java Platform API Specification"/>
    <property name="java.vm.specification.vendor" value="Oracle Corporation"/>
    <property name="java.awt.graphicsenv" value="sun.awt.X11GraphicsEnvironment"/>
    <property name="surefire.real.class.path" value="/media/fata/UBUNTU 18_0/INFO-TP/GECO/LoginGene/target/surefire/surefirebooter10745057305645424949.jar"/>
    <property name="sun.management.compiler" value="HotSpot 64-Bit Tiered Compilers"/>
    <property name="java.runtime.version" value="11.0.4+10-b304.77"/>
    <property name="user.name" value="fata"/>
    <property name="path.separator" value=":"/>
    <property name="os.version" value="5.0.0-36-generic"/>
    <property name="java.runtime.name" value="OpenJDK Runtime Environment"/>
    <property name="file.encoding" value="UTF-8"/>
    <property name="java.vm.name" value="OpenJDK 64-Bit Server VM"/>
    <property name="localRepository" value="/home/fata/.m2/repository"/>
    <property name="java.vendor.url.bug" value="https://youtrack.jetbrains.com"/>
    <property name="java.io.tmpdir" value="/tmp"/>
    <property name="java.version" value="11.0.4"/>
    <property name="user.dir" value="/media/fata/UBUNTU 18_0/INFO-TP/GECO/LoginGene"/>
    <property name="os.arch" value="amd64"/>
    <property name="java.vm.specification.name" value="Java Virtual Machine Specification"/>
    <property name="java.awt.printerjob" value="sun.print.PSPrinterJob"/>
    <property name="sun.os.patch.level" value="unknown"/>
    <property name="java.library.path" value="/usr/java/packages/lib:/usr/lib64:/lib64:/lib:/usr/lib"/>
    <property name="java.vendor" value="JetBrains s.r.o"/>
    <property name="java.vm.info" value="mixed mode"/>
    <property name="java.vm.version" value="11.0.4+10-b304.77"/>
    <property name="sun.io.unicode.encoding" value="UnicodeLittle"/>
    <property name="java.class.version" value="55.0"/>
  </properties>
  <testcase name="addLogin" classname="geco.LoginServiceTest" time="0"/>
  <testcase name="findAllLogins" classname="geco.LoginServiceTest" time="0"/>
  <testcase name="loginExists" classname="geco.LoginServiceTest" time="0"/>
  <testcase name="findAllLoginsStartingWith" classname="geco.LoginServiceTest" time="0"/>
</testsuite>